\BOOKMARK [0][-]{titlepage.0}{\376\377\000T\000i\000t\000l\000e\000\040\000P\000a\000g\000e}{}% 1
\BOOKMARK [0][-]{abstract.0}{\376\377\000A\000b\000s\000t\000r\000a\000c\000t}{}% 2
\BOOKMARK [0][-]{toc.0}{\376\377\000C\000o\000n\000t\000e\000n\000t\000s}{}% 3
\BOOKMARK [0][-]{chapter*.4}{\376\377\000L\000i\000s\000t\000\040\000o\000f\000\040\000F\000i\000g\000u\000r\000e\000s}{}% 4
\BOOKMARK [0][-]{chapter*.5}{\376\377\000L\000i\000s\000t\000\040\000o\000f\000\040\000T\000a\000b\000l\000e\000s}{}% 5
\BOOKMARK [0][-]{chapter*.6}{\376\377\000L\000i\000s\000t\000\040\000o\000f\000\040\000A\000l\000g\000o\000r\000i\000t\000h\000m\000s}{}% 6
\BOOKMARK [0][-]{chapter*.7}{\376\377\000N\000o\000m\000e\000n\000c\000l\000a\000t\000u\000r\000e}{}% 7
\BOOKMARK [0][-]{chapter.1}{\376\377\000C\000h\000a\000p\000t\000e\000r\000\040\0001\000\040\000I\000n\000t\000r\000o\000d\000u\000c\000t\000i\000o\000n}{}% 8
\BOOKMARK [1][-]{section.1.1}{\376\377\0001\000.\0001\000\040\000I\000n\000t\000r\000o\000d\000u\000c\000t\000i\000o\000n}{chapter.1}% 9
\BOOKMARK [1][-]{section.1.2}{\376\377\0001\000.\0002\000\040\000R\000e\000l\000a\000t\000e\000d\000\040\000W\000o\000r\000k}{chapter.1}% 10
\BOOKMARK [1][-]{section.1.3}{\376\377\0001\000.\0003\000\040\000T\000h\000e\000s\000i\000s\000\040\000O\000b\000j\000e\000c\000t\000i\000v\000e}{chapter.1}% 11
\BOOKMARK [0][-]{chapter.2}{\376\377\000C\000h\000a\000p\000t\000e\000r\000\040\0002\000\040\000M\000o\000d\000e\000l\000i\000n\000g\000\040\000a\000n\000d\000\040\000A\000n\000a\000l\000y\000s\000i\000s}{}% 12
\BOOKMARK [1][-]{section.2.1}{\376\377\0002\000.\0001\000\040\000M\000o\000d\000e\000l\000i\000n\000g\000\040\000o\000f\000\040\000t\000w\000o\000\040\000l\000a\000y\000e\000r\000\040\000n\000e\000t\000w\000o\000r\000k}{chapter.2}% 13
\BOOKMARK [1][-]{section.2.2}{\376\377\0002\000.\0002\000\040\000S\000i\000m\000u\000l\000a\000t\000i\000o\000n\000s\000\040\000a\000n\000d\000\040\000A\000n\000a\000l\000y\000s\000i\000s}{chapter.2}% 14
\BOOKMARK [0][-]{chapter.3}{\376\377\000C\000h\000a\000p\000t\000e\000r\000\040\0003\000\040\000C\000o\000m\000p\000e\000t\000i\000t\000i\000o\000n\000\040\000o\000n\000\040\000t\000w\000o\000\040\000l\000a\000y\000e\000r\000\040\000w\000i\000t\000h\000\040\000d\000i\000f\000f\000e\000r\000e\000n\000t\000\040\000s\000t\000r\000u\000c\000t\000u\000r\000a\000l\000\040\000n\000e\000t\000w\000o\000r\000k}{}% 15
\BOOKMARK [1][-]{section.3.1}{\376\377\0003\000.\0001\000\040\000C\000o\000m\000p\000e\000t\000i\000t\000i\000o\000n\000\040\000o\000n\000\040\000R\000a\000n\000d\000o\000m\000\040\000R\000e\000g\000u\000l\000a\000r\000\040\000N\000e\000t\000w\000o\000r\000k\000s}{chapter.3}% 16
\BOOKMARK [1][-]{section.3.2}{\376\377\0003\000.\0002\000\040\000C\000o\000m\000p\000e\000t\000i\000t\000i\000o\000n\000\040\000o\000n\000\040\000N\000e\000t\000w\000o\000r\000k\000s\000\040\000w\000i\000t\000h\000\040\000d\000i\000f\000f\000e\000r\000e\000n\000t\000\040\000n\000u\000m\000b\000e\000r\000\040\000o\000f\000\040\000e\000x\000t\000e\000r\000n\000a\000l\000\040\000l\000i\000n\000k\000s}{chapter.3}% 17
\BOOKMARK [1][-]{section.3.3}{\376\377\0003\000.\0003\000\040\000C\000o\000m\000p\000e\000t\000i\000t\000i\000o\000n\000\040\000o\000n\000\040\000N\000e\000t\000w\000o\000r\000k\000s\000\040\000w\000i\000t\000h\000\040\000d\000i\000f\000f\000e\000r\000e\000n\000t\000\040\000n\000u\000m\000b\000e\000r\000\040\000o\000f\000\040\000i\000n\000t\000e\000r\000n\000a\000l\000\040\000l\000i\000n\000k\000s}{chapter.3}% 18
\BOOKMARK [1][-]{section.3.4}{\376\377\0003\000.\0004\000\040\000C\000o\000m\000p\000e\000t\000i\000t\000i\000o\000n\000\040\000o\000n\000\040\000N\000e\000t\000w\000o\000r\000k\000s\000\040\000w\000i\000t\000h\000\040\000d\000i\000f\000f\000e\000r\000e\000n\000t\000\040\000s\000t\000r\000u\000c\000t\000u\000r\000e\000s}{chapter.3}% 19
\BOOKMARK [1][-]{section.3.5}{\376\377\0003\000.\0005\000\040\000C\000o\000n\000c\000l\000u\000s\000i\000o\000n}{chapter.3}% 20
\BOOKMARK [0][-]{chapter.4}{\376\377\000C\000h\000a\000p\000t\000e\000r\000\040\0004\000\040\000C\000o\000m\000p\000e\000t\000i\000t\000i\000o\000n\000\040\000o\000n\000\040\000t\000w\000o\000\040\000l\000a\000y\000e\000r\000\040\000w\000i\000t\000h\000\040\000d\000i\000f\000f\000e\000r\000e\000n\000t\000\040\000u\000p\000d\000a\000t\000i\000n\000g\000\040\000r\000u\000l\000e\000s}{}% 21
\BOOKMARK [1][-]{section.4.1}{\376\377\0004\000.\0001\000\040\000C\000o\000m\000p\000e\000t\000i\000t\000i\000o\000n\000\040\000o\000n\000\040\000t\000w\000o\000-\000l\000a\000y\000e\000r\000\040\000N\000e\000t\000w\000o\000r\000k\000s\000\040\000w\000i\000t\000h\000\040\000s\000e\000q\000u\000e\000n\000t\000i\000a\000l\000\040\000u\000p\000d\000a\000t\000i\000n\000g\000\040\000r\000u\000l\000e}{chapter.4}% 22
\BOOKMARK [1][-]{section.4.2}{\376\377\0004\000.\0002\000\040\000C\000o\000m\000p\000e\000t\000i\000t\000i\000o\000n\000\040\000o\000n\000\040\000t\000w\000o\000-\000l\000a\000y\000e\000r\000\040\000N\000e\000t\000w\000o\000r\000k\000s\000\040\000w\000i\000t\000h\000\040\000d\000i\000f\000f\000e\000r\000e\000n\000t\000\040\000u\000p\000d\000a\000t\000i\000n\000g\000\040\000r\000u\000l\000e\000s}{chapter.4}% 23
\BOOKMARK [2][-]{subsection.4.2.1}{\376\377\0004\000.\0002\000.\0001\000\040\000O\000r\000d\000e\000r\000\040\000o\000f\000\040\000l\000a\000y\000e\000r\000s}{section.4.2}% 24
\BOOKMARK [2][-]{subsection.4.2.2}{\376\377\0004\000.\0002\000.\0002\000\040\000O\000r\000d\000e\000r\000\040\000o\000f\000\040\000n\000o\000d\000e\000s}{section.4.2}% 25
\BOOKMARK [2][-]{subsection.4.2.3}{\376\377\0004\000.\0002\000.\0003\000\040\000O\000r\000d\000e\000r\000\040\000o\000f\000\040\000e\000d\000g\000e\000s}{section.4.2}% 26
\BOOKMARK [1][-]{section.4.3}{\376\377\0004\000.\0003\000\040\000C\000o\000m\000p\000a\000r\000i\000s\000o\000n\000\040\000a\000n\000d\000\040\000A\000n\000a\000l\000y\000s\000i\000s}{chapter.4}% 27
\BOOKMARK [1][-]{section.4.4}{\376\377\0004\000.\0004\000\040\000C\000o\000n\000c\000l\000u\000s\000i\000o\000n}{chapter.4}% 28
\BOOKMARK [0][-]{chapter.5}{\376\377\000C\000h\000a\000p\000t\000e\000r\000\040\0005\000\040\000F\000i\000n\000d\000i\000n\000g\000\040\000k\000e\000y\000\040\000n\000o\000d\000e\000s\000\040\000o\000n\000\040\000t\000w\000o\000\040\000l\000a\000y\000e\000r\000\040\000n\000e\000t\000w\000o\000r\000k\000s}{}% 29
\BOOKMARK [1][-]{section.5.1}{\376\377\0005\000.\0001\000\040\000K\000e\000y\000\040\000n\000o\000d\000e\000s\000\040\000o\000n\000\040\000l\000a\000y\000e\000r\000\040\000A}{chapter.5}% 30
\BOOKMARK [1][-]{section.5.2}{\376\377\0005\000.\0002\000\040\000K\000e\000y\000\040\000n\000o\000d\000e\000s\000\040\000o\000n\000\040\000l\000a\000y\000e\000r\000\040\000B}{chapter.5}% 31
\BOOKMARK [1][-]{section.5.3}{\376\377\0005\000.\0003\000\040\000K\000e\000y\000\040\000n\000o\000d\000e\000s\000\040\000o\000n\000\040\000t\000w\000o\000\040\000l\000a\000y\000e\000r\000s\000\040\000w\000i\000t\000h\000\040\000d\000i\000f\000f\000e\000r\000e\000n\000t\000\040\000s\000t\000r\000u\000c\000t\000u\000r\000e\000s}{chapter.5}% 32
\BOOKMARK [1][-]{section.5.4}{\376\377\0005\000.\0004\000\040\000C\000o\000n\000c\000l\000u\000s\000i\000o\000n}{chapter.5}% 33
\BOOKMARK [0][-]{chapter.6}{\376\377\000C\000h\000a\000p\000t\000e\000r\000\040\0006\000\040\000C\000o\000n\000c\000l\000u\000s\000i\000o\000n}{}% 34
\BOOKMARK [1][-]{section.6.1}{\376\377\0006\000.\0001\000\040\000S\000u\000m\000m\000a\000r\000y}{chapter.6}% 35
\BOOKMARK [1][-]{section.6.2}{\376\377\0006\000.\0002\000\040\000D\000i\000s\000c\000u\000s\000s\000i\000o\000n}{chapter.6}% 36
\BOOKMARK [0][-]{appendix*.34}{\376\377\000A\000c\000k\000n\000o\000w\000l\000e\000d\000g\000e\000m\000e\000n\000t\000s}{}% 37
\BOOKMARK [0][-]{appendix*.35}{\376\377\000P\000u\000b\000l\000i\000c\000a\000t\000i\000o\000n\000s}{}% 38
